<?xml version="1.0" encoding="UTF-8"?>
<testng-results ignored="0" total="2" passed="2" failed="0" skipped="0">
  <reporter-output>
  </reporter-output>
  <suite started-at="2022-10-31T14:50:34 GMT" name="Default suite" finished-at="2022-10-31T14:50:41 GMT" duration-ms="6999">
    <groups>
    </groups>
    <test started-at="2022-10-31T14:50:34 GMT" name="Default test" finished-at="2022-10-31T14:50:41 GMT" duration-ms="6999">
      <class name="mytest.Program1">
        <test-method is-config="true" signature="setup()[pri:0, instance:mytest.Program1@72f926e6]" started-at="2022-10-31T14:50:34 GMT" name="setup" finished-at="2022-10-31T14:50:38 GMT" duration-ms="3773" status="PASS">
          <reporter-output>
          </reporter-output>
        </test-method> <!-- setup -->
        <test-method signature="verifyLogo()[pri:0, instance:mytest.Program1@72f926e6]" started-at="2022-10-31T14:50:38 GMT" name="verifyLogo" finished-at="2022-10-31T14:50:38 GMT" duration-ms="219" status="PASS">
          <reporter-output>
          </reporter-output>
        </test-method> <!-- verifyLogo -->
        <test-method is-config="true" signature="tearDown()[pri:0, instance:mytest.Program1@72f926e6]" started-at="2022-10-31T14:50:38 GMT" name="tearDown" finished-at="2022-10-31T14:50:38 GMT" duration-ms="360" status="PASS">
          <reporter-output>
          </reporter-output>
        </test-method> <!-- tearDown -->
        <test-method is-config="true" signature="setup()[pri:0, instance:mytest.Program1@72f926e6]" started-at="2022-10-31T14:50:38 GMT" name="setup" finished-at="2022-10-31T14:50:40 GMT" duration-ms="2265" status="PASS">
          <reporter-output>
          </reporter-output>
        </test-method> <!-- setup -->
        <test-method signature="verifyTitle()[pri:0, instance:mytest.Program1@72f926e6]" started-at="2022-10-31T14:50:40 GMT" name="verifyTitle" finished-at="2022-10-31T14:50:40 GMT" duration-ms="52" status="PASS">
          <reporter-output>
          </reporter-output>
        </test-method> <!-- verifyTitle -->
        <test-method is-config="true" signature="tearDown()[pri:0, instance:mytest.Program1@72f926e6]" started-at="2022-10-31T14:50:40 GMT" name="tearDown" finished-at="2022-10-31T14:50:41 GMT" duration-ms="280" status="PASS">
          <reporter-output>
          </reporter-output>
        </test-method> <!-- tearDown -->
      </class> <!-- mytest.Program1 -->
    </test> <!-- Default test -->
  </suite> <!-- Default suite -->
</testng-results>
